 01-04-2026 17:55:58:728 [pid=1726564 tid=1726568] NOTICE  cufio-drv:830 running in compatible mode
 01-04-2026 17:56:19:640 [pid=1730568 tid=1730572] NOTICE  cufio-drv:830 running in compatible mode
 01-04-2026 17:56:20:56 [pid=1730568 tid=1730574] NOTICE  cufio-drv:830 running in compatible mode
 01-04-2026 17:56:20:471 [pid=1730568 tid=1730574] NOTICE  cufio-drv:830 running in compatible mode
 01-04-2026 17:56:21:50 [pid=1731346 tid=1731350] NOTICE  cufio-drv:830 running in compatible mode
 01-04-2026 17:56:21:464 [pid=1731346 tid=1731362] NOTICE  cufio-drv:830 running in compatible mode
 01-04-2026 17:56:22:10 [pid=1731478 tid=1731479] NOTICE  cufio-drv:830 running in compatible mode
 01-04-2026 17:56:22:579 [pid=1731544 tid=1731546] NOTICE  cufio-drv:830 running in compatible mode
 01-04-2026 17:56:22:982 [pid=1731544 tid=1731547] NOTICE  cufio-drv:830 running in compatible mode
 01-04-2026 17:56:23:394 [pid=1731544 tid=1731550] NOTICE  cufio-drv:830 running in compatible mode
 01-04-2026 17:56:23:801 [pid=1731544 tid=1731552] NOTICE  cufio-drv:830 running in compatible mode
 01-04-2026 17:56:24:202 [pid=1731544 tid=1731555] NOTICE  cufio-drv:830 running in compatible mode
 01-04-2026 17:56:24:602 [pid=1731544 tid=1731586] NOTICE  cufio-drv:830 running in compatible mode
 01-04-2026 17:56:25:9 [pid=1731544 tid=1731549] NOTICE  cufio-drv:830 running in compatible mode
 01-04-2026 17:56:25:414 [pid=1731544 tid=1731551] NOTICE  cufio-drv:830 running in compatible mode
 01-04-2026 17:56:25:815 [pid=1731544 tid=1731552] NOTICE  cufio-drv:830 running in compatible mode
 01-04-2026 17:56:26:221 [pid=1731544 tid=1731586] NOTICE  cufio-drv:830 running in compatible mode
 01-04-2026 17:56:26:626 [pid=1731544 tid=1731549] NOTICE  cufio-drv:830 running in compatible mode
 01-04-2026 17:56:27:31 [pid=1731544 tid=1731585] NOTICE  cufio-drv:830 running in compatible mode
 01-04-2026 17:56:27:441 [pid=1731544 tid=1731553] NOTICE  cufio-drv:830 running in compatible mode
 01-04-2026 17:56:27:844 [pid=1731544 tid=1731552] NOTICE  cufio-drv:830 running in compatible mode
 01-04-2026 17:56:28:245 [pid=1731544 tid=1731548] NOTICE  cufio-drv:830 running in compatible mode
 01-04-2026 17:56:28:646 [pid=1731544 tid=1731552] NOTICE  cufio-drv:830 running in compatible mode
 01-04-2026 17:56:29:49 [pid=1731544 tid=1731552] NOTICE  cufio-drv:830 running in compatible mode
 01-04-2026 17:56:29:448 [pid=1731544 tid=1731552] NOTICE  cufio-drv:830 running in compatible mode
 01-04-2026 17:56:29:857 [pid=1731544 tid=1731552] NOTICE  cufio-drv:830 running in compatible mode
 01-04-2026 17:56:30:380 [pid=1731544 tid=1731552] NOTICE  cufio-drv:830 running in compatible mode
 01-04-2026 17:56:30:792 [pid=1731544 tid=1731552] NOTICE  cufio-drv:830 running in compatible mode
 01-04-2026 17:56:31:204 [pid=1731544 tid=1731552] NOTICE  cufio-drv:830 running in compatible mode
 01-04-2026 17:56:31:612 [pid=1731544 tid=1731552] NOTICE  cufio-drv:830 running in compatible mode
 01-04-2026 17:56:32:21 [pid=1731544 tid=1731552] NOTICE  cufio-drv:830 running in compatible mode
 01-04-2026 17:56:32:438 [pid=1731544 tid=1731552] NOTICE  cufio-drv:830 running in compatible mode
 01-04-2026 17:56:32:846 [pid=1731544 tid=1731552] NOTICE  cufio-drv:830 running in compatible mode
 01-04-2026 17:56:33:254 [pid=1731544 tid=1731552] NOTICE  cufio-drv:830 running in compatible mode
 01-04-2026 17:56:33:666 [pid=1731544 tid=1731552] NOTICE  cufio-drv:830 running in compatible mode
 01-04-2026 17:56:34:77 [pid=1731544 tid=1731552] NOTICE  cufio-drv:830 running in compatible mode
 01-04-2026 17:56:34:479 [pid=1731544 tid=1731552] NOTICE  cufio-drv:830 running in compatible mode
 01-04-2026 17:56:34:886 [pid=1731544 tid=1731552] NOTICE  cufio-drv:830 running in compatible mode
 01-04-2026 17:56:35:296 [pid=1731544 tid=1731552] NOTICE  cufio-drv:830 running in compatible mode
 01-04-2026 17:56:35:701 [pid=1731544 tid=1731552] NOTICE  cufio-drv:830 running in compatible mode
 01-04-2026 17:56:36:107 [pid=1731544 tid=1731552] NOTICE  cufio-drv:830 running in compatible mode
 01-04-2026 17:56:36:516 [pid=1731544 tid=1731552] NOTICE  cufio-drv:830 running in compatible mode
 01-04-2026 17:56:36:926 [pid=1731544 tid=1731552] NOTICE  cufio-drv:830 running in compatible mode
 01-04-2026 17:56:37:331 [pid=1731544 tid=1731552] NOTICE  cufio-drv:830 running in compatible mode
 01-04-2026 17:56:37:733 [pid=1731544 tid=1731552] NOTICE  cufio-drv:830 running in compatible mode
 01-04-2026 17:56:38:139 [pid=1731544 tid=1731552] NOTICE  cufio-drv:830 running in compatible mode
 01-04-2026 17:56:38:547 [pid=1731544 tid=1731552] NOTICE  cufio-drv:830 running in compatible mode
 01-04-2026 17:56:38:955 [pid=1731544 tid=1731552] NOTICE  cufio-drv:830 running in compatible mode
 01-04-2026 17:56:39:360 [pid=1731544 tid=1731552] NOTICE  cufio-drv:830 running in compatible mode
 01-04-2026 17:56:39:771 [pid=1731544 tid=1731552] NOTICE  cufio-drv:830 running in compatible mode
 01-04-2026 17:56:40:186 [pid=1731544 tid=1731552] NOTICE  cufio-drv:830 running in compatible mode
 01-04-2026 17:56:40:616 [pid=1731544 tid=1731552] NOTICE  cufio-drv:830 running in compatible mode
 01-04-2026 17:56:41:155 [pid=1731544 tid=1731552] NOTICE  cufio-drv:830 running in compatible mode
 01-04-2026 17:56:41:642 [pid=1731544 tid=1731552] NOTICE  cufio-drv:830 running in compatible mode
 01-04-2026 17:56:42:124 [pid=1731544 tid=1731552] NOTICE  cufio-drv:830 running in compatible mode
 01-04-2026 17:56:42:625 [pid=1731544 tid=1731552] NOTICE  cufio-drv:830 running in compatible mode
 01-04-2026 17:56:43:72 [pid=1731544 tid=1731552] NOTICE  cufio-drv:830 running in compatible mode
 01-04-2026 17:56:43:509 [pid=1731544 tid=1731552] NOTICE  cufio-drv:830 running in compatible mode
 01-04-2026 17:56:43:984 [pid=1731544 tid=1731552] NOTICE  cufio-drv:830 running in compatible mode
 01-04-2026 17:56:44:451 [pid=1731544 tid=1731552] NOTICE  cufio-drv:830 running in compatible mode
 01-04-2026 17:56:44:911 [pid=1731544 tid=1731552] NOTICE  cufio-drv:830 running in compatible mode
 01-04-2026 17:56:45:380 [pid=1731544 tid=1731552] NOTICE  cufio-drv:830 running in compatible mode
 01-04-2026 17:56:45:836 [pid=1731544 tid=1731552] NOTICE  cufio-drv:830 running in compatible mode
 01-04-2026 17:56:46:299 [pid=1731544 tid=1731552] NOTICE  cufio-drv:830 running in compatible mode
 01-04-2026 17:56:46:756 [pid=1731544 tid=1731552] NOTICE  cufio-drv:830 running in compatible mode
 01-04-2026 17:56:47:216 [pid=1731544 tid=1731552] NOTICE  cufio-drv:830 running in compatible mode
 01-04-2026 17:56:47:677 [pid=1731544 tid=1731552] NOTICE  cufio-drv:830 running in compatible mode
 01-04-2026 17:56:48:135 [pid=1731544 tid=1731552] NOTICE  cufio-drv:830 running in compatible mode
 01-04-2026 17:56:48:593 [pid=1731544 tid=1731552] NOTICE  cufio-drv:830 running in compatible mode
 01-04-2026 17:56:49:63 [pid=1731544 tid=1731552] NOTICE  cufio-drv:830 running in compatible mode
 01-04-2026 17:56:49:534 [pid=1731544 tid=1731552] NOTICE  cufio-drv:830 running in compatible mode
 01-04-2026 17:56:50:51 [pid=1731544 tid=1731552] NOTICE  cufio-drv:830 running in compatible mode
 01-04-2026 17:56:50:548 [pid=1731544 tid=1731552] NOTICE  cufio-drv:830 running in compatible mode
 01-04-2026 17:56:51:34 [pid=1731544 tid=1731552] NOTICE  cufio-drv:830 running in compatible mode
 01-04-2026 17:56:51:511 [pid=1731544 tid=1731552] NOTICE  cufio-drv:830 running in compatible mode
 01-04-2026 17:56:52:13 [pid=1731544 tid=1731552] NOTICE  cufio-drv:830 running in compatible mode
 01-04-2026 17:56:52:518 [pid=1731544 tid=1731552] NOTICE  cufio-drv:830 running in compatible mode
 01-04-2026 17:56:52:979 [pid=1731544 tid=1731552] NOTICE  cufio-drv:830 running in compatible mode
 01-04-2026 17:56:53:463 [pid=1731544 tid=1731552] NOTICE  cufio-drv:830 running in compatible mode
 01-04-2026 17:56:53:928 [pid=1731544 tid=1731552] NOTICE  cufio-drv:830 running in compatible mode
 01-04-2026 17:56:54:381 [pid=1731544 tid=1731552] NOTICE  cufio-drv:830 running in compatible mode
 01-04-2026 17:56:54:837 [pid=1731544 tid=1731552] NOTICE  cufio-drv:830 running in compatible mode
 01-04-2026 17:56:55:313 [pid=1731544 tid=1731552] NOTICE  cufio-drv:830 running in compatible mode
 01-04-2026 17:56:55:780 [pid=1731544 tid=1731552] NOTICE  cufio-drv:830 running in compatible mode
 01-04-2026 17:56:56:235 [pid=1731544 tid=1731552] NOTICE  cufio-drv:830 running in compatible mode
 01-04-2026 17:56:56:682 [pid=1731544 tid=1731552] NOTICE  cufio-drv:830 running in compatible mode
 01-04-2026 17:56:57:126 [pid=1731544 tid=1731552] NOTICE  cufio-drv:830 running in compatible mode
 01-04-2026 17:56:57:588 [pid=1731544 tid=1731552] NOTICE  cufio-drv:830 running in compatible mode
 01-04-2026 17:56:58:69 [pid=1731544 tid=1731552] NOTICE  cufio-drv:830 running in compatible mode
 01-04-2026 17:56:58:532 [pid=1731544 tid=1731552] NOTICE  cufio-drv:830 running in compatible mode
 01-04-2026 17:56:59:20 [pid=1731544 tid=1731552] NOTICE  cufio-drv:830 running in compatible mode
 01-04-2026 17:56:59:486 [pid=1731544 tid=1731552] NOTICE  cufio-drv:830 running in compatible mode
 01-04-2026 17:56:59:954 [pid=1731544 tid=1731552] NOTICE  cufio-drv:830 running in compatible mode
 01-04-2026 17:57:00:419 [pid=1731544 tid=1731552] NOTICE  cufio-drv:830 running in compatible mode
 01-04-2026 17:57:00:877 [pid=1731544 tid=1731552] NOTICE  cufio-drv:830 running in compatible mode
 01-04-2026 17:57:01:344 [pid=1731544 tid=1731552] NOTICE  cufio-drv:830 running in compatible mode
 01-04-2026 17:57:01:793 [pid=1731544 tid=1731552] NOTICE  cufio-drv:830 running in compatible mode
 01-04-2026 17:57:02:246 [pid=1731544 tid=1731552] NOTICE  cufio-drv:830 running in compatible mode
 01-04-2026 17:57:02:700 [pid=1731544 tid=1731552] NOTICE  cufio-drv:830 running in compatible mode
 01-04-2026 17:57:03:147 [pid=1731544 tid=1731552] NOTICE  cufio-drv:830 running in compatible mode
 01-04-2026 17:57:03:600 [pid=1731544 tid=1731552] NOTICE  cufio-drv:830 running in compatible mode
 01-04-2026 17:57:04:60 [pid=1731544 tid=1731552] NOTICE  cufio-drv:830 running in compatible mode
 01-04-2026 17:57:04:521 [pid=1731544 tid=1731552] NOTICE  cufio-drv:830 running in compatible mode
 01-04-2026 17:57:04:972 [pid=1731544 tid=1731552] NOTICE  cufio-drv:830 running in compatible mode
 01-04-2026 17:57:05:440 [pid=1731544 tid=1731552] NOTICE  cufio-drv:830 running in compatible mode
 01-04-2026 17:57:05:914 [pid=1731544 tid=1731552] NOTICE  cufio-drv:830 running in compatible mode
 01-04-2026 17:57:06:380 [pid=1731544 tid=1731552] NOTICE  cufio-drv:830 running in compatible mode
 01-04-2026 17:57:06:837 [pid=1731544 tid=1731552] NOTICE  cufio-drv:830 running in compatible mode
 01-04-2026 17:57:07:300 [pid=1731544 tid=1731552] NOTICE  cufio-drv:830 running in compatible mode
 01-04-2026 17:57:07:757 [pid=1731544 tid=1731552] NOTICE  cufio-drv:830 running in compatible mode
 01-04-2026 17:57:08:209 [pid=1731544 tid=1731552] NOTICE  cufio-drv:830 running in compatible mode
 01-04-2026 17:57:08:661 [pid=1731544 tid=1731552] NOTICE  cufio-drv:830 running in compatible mode
 01-04-2026 17:57:09:118 [pid=1731544 tid=1731552] NOTICE  cufio-drv:830 running in compatible mode
 01-04-2026 17:57:09:569 [pid=1731544 tid=1731552] NOTICE  cufio-drv:830 running in compatible mode
 01-04-2026 17:57:10:26 [pid=1731544 tid=1731552] NOTICE  cufio-drv:830 running in compatible mode
 01-04-2026 17:57:10:471 [pid=1731544 tid=1731552] NOTICE  cufio-drv:830 running in compatible mode
 01-04-2026 17:57:10:915 [pid=1731544 tid=1731552] NOTICE  cufio-drv:830 running in compatible mode
 01-04-2026 17:57:11:371 [pid=1731544 tid=1731552] NOTICE  cufio-drv:830 running in compatible mode
 01-04-2026 17:57:11:811 [pid=1731544 tid=1731552] NOTICE  cufio-drv:830 running in compatible mode
 01-04-2026 17:57:12:616 [pid=1734862 tid=1734862] NOTICE  cufio-drv:830 running in compatible mode
 01-04-2026 19:07:07:97 [pid=2668514 tid=2668516] NOTICE  cufio-drv:830 running in compatible mode
 01-04-2026 19:07:07:519 [pid=2668514 tid=2668520] NOTICE  cufio-drv:830 running in compatible mode
 01-04-2026 19:07:07:929 [pid=2668514 tid=2668515] NOTICE  cufio-drv:830 running in compatible mode
 01-04-2026 19:07:08:341 [pid=2668514 tid=2668528] NOTICE  cufio-drv:830 running in compatible mode
 01-04-2026 19:07:08:629 [pid=2668514 tid=2668532] ERROR  cufio:84 fstat failed for fd 1963657776 Bad file descriptor
 01-04-2026 19:07:08:629 [pid=2668514 tid=2668532] ERROR  cufio:244 cuFileHandleRegister error, invalid file descriptor passed -9
 01-04-2026 19:07:08:629 [pid=2668514 tid=2668532] ERROR  cufio:339 cuFileHandleRegister error: invalid arguments
 02-04-2026 01:04:17:173 [pid=2166935 tid=2166939] NOTICE  cufio-drv:830 running in compatible mode
 02-04-2026 01:04:17:594 [pid=2166935 tid=2166941] NOTICE  cufio-drv:830 running in compatible mode
 02-04-2026 01:04:18:5 [pid=2166935 tid=2166941] NOTICE  cufio-drv:830 running in compatible mode
 02-04-2026 01:04:18:628 [pid=2167051 tid=2167054] NOTICE  cufio-drv:830 running in compatible mode
 02-04-2026 01:04:19:44 [pid=2167051 tid=2167052] NOTICE  cufio-drv:830 running in compatible mode
 02-04-2026 01:04:19:445 [pid=2167051 tid=2167056] NOTICE  cufio-drv:830 running in compatible mode
 02-04-2026 01:04:19:848 [pid=2167051 tid=2167065] NOTICE  cufio-drv:830 running in compatible mode
 02-04-2026 01:04:20:259 [pid=2167051 tid=2167071] NOTICE  cufio-drv:830 running in compatible mode
 02-04-2026 01:04:20:667 [pid=2167051 tid=2167053] NOTICE  cufio-drv:830 running in compatible mode
 02-04-2026 01:04:21:69 [pid=2167051 tid=2167057] NOTICE  cufio-drv:830 running in compatible mode
 02-04-2026 01:04:21:480 [pid=2167051 tid=2167069] NOTICE  cufio-drv:830 running in compatible mode
 02-04-2026 01:04:21:762 [pid=2167051 tid=2167069] ERROR  cufio:257 cuFileHandleRegister error, unsupported file type
 02-04-2026 01:04:21:762 [pid=2167051 tid=2167069] ERROR  cufio:339 cuFileHandleRegister error: unsupported file type
 02-04-2026 01:04:22:37 [pid=2167295 tid=2167296] NOTICE  cufio-drv:830 running in compatible mode
 02-04-2026 01:04:22:450 [pid=2167295 tid=2167308] NOTICE  cufio-drv:830 running in compatible mode
 02-04-2026 01:04:23:19 [pid=2167357 tid=2167358] NOTICE  cufio-drv:830 running in compatible mode
 02-04-2026 01:04:23:579 [pid=2167407 tid=2167408] NOTICE  cufio-drv:830 running in compatible mode
 02-04-2026 01:04:23:988 [pid=2167407 tid=2167413] NOTICE  cufio-drv:830 running in compatible mode
 02-04-2026 01:04:24:400 [pid=2167407 tid=2167410] NOTICE  cufio-drv:830 running in compatible mode
 02-04-2026 01:04:24:800 [pid=2167407 tid=2167416] NOTICE  cufio-drv:830 running in compatible mode
 02-04-2026 01:04:25:200 [pid=2167407 tid=2167411] NOTICE  cufio-drv:830 running in compatible mode
 02-04-2026 01:04:25:613 [pid=2167407 tid=2167449] NOTICE  cufio-drv:830 running in compatible mode
 02-04-2026 01:04:26:33 [pid=2167407 tid=2167418] NOTICE  cufio-drv:830 running in compatible mode
 02-04-2026 01:04:26:451 [pid=2167407 tid=2167415] NOTICE  cufio-drv:830 running in compatible mode
 02-04-2026 01:04:26:873 [pid=2167407 tid=2167448] NOTICE  cufio-drv:830 running in compatible mode
 02-04-2026 01:04:27:286 [pid=2167407 tid=2167412] NOTICE  cufio-drv:830 running in compatible mode
 02-04-2026 01:04:27:701 [pid=2167407 tid=2167415] NOTICE  cufio-drv:830 running in compatible mode
 02-04-2026 01:04:28:100 [pid=2167407 tid=2167414] NOTICE  cufio-drv:830 running in compatible mode
 02-04-2026 01:04:28:505 [pid=2167407 tid=2167415] NOTICE  cufio-drv:830 running in compatible mode
 02-04-2026 01:04:28:913 [pid=2167407 tid=2167449] NOTICE  cufio-drv:830 running in compatible mode
 02-04-2026 01:04:29:314 [pid=2167407 tid=2167415] NOTICE  cufio-drv:830 running in compatible mode
 02-04-2026 01:04:29:720 [pid=2167407 tid=2167415] NOTICE  cufio-drv:830 running in compatible mode
 02-04-2026 01:04:30:132 [pid=2167407 tid=2167415] NOTICE  cufio-drv:830 running in compatible mode
 02-04-2026 01:04:30:537 [pid=2167407 tid=2167415] NOTICE  cufio-drv:830 running in compatible mode
 02-04-2026 01:04:30:946 [pid=2167407 tid=2167415] NOTICE  cufio-drv:830 running in compatible mode
 02-04-2026 01:04:31:359 [pid=2167407 tid=2167415] NOTICE  cufio-drv:830 running in compatible mode
 02-04-2026 01:04:31:776 [pid=2167407 tid=2167415] NOTICE  cufio-drv:830 running in compatible mode
 02-04-2026 01:04:32:208 [pid=2167407 tid=2167415] NOTICE  cufio-drv:830 running in compatible mode
 02-04-2026 01:04:32:611 [pid=2167407 tid=2167415] NOTICE  cufio-drv:830 running in compatible mode
 02-04-2026 01:04:33:17 [pid=2167407 tid=2167415] NOTICE  cufio-drv:830 running in compatible mode
 02-04-2026 01:04:33:432 [pid=2167407 tid=2167415] NOTICE  cufio-drv:830 running in compatible mode
 02-04-2026 01:04:33:852 [pid=2167407 tid=2167415] NOTICE  cufio-drv:830 running in compatible mode
 02-04-2026 01:04:34:266 [pid=2167407 tid=2167415] NOTICE  cufio-drv:830 running in compatible mode
 02-04-2026 01:04:34:673 [pid=2167407 tid=2167415] NOTICE  cufio-drv:830 running in compatible mode
 02-04-2026 01:04:35:80 [pid=2167407 tid=2167415] NOTICE  cufio-drv:830 running in compatible mode
 02-04-2026 01:04:35:490 [pid=2167407 tid=2167415] NOTICE  cufio-drv:830 running in compatible mode
 02-04-2026 01:04:35:894 [pid=2167407 tid=2167415] NOTICE  cufio-drv:830 running in compatible mode
 02-04-2026 01:04:36:303 [pid=2167407 tid=2167415] NOTICE  cufio-drv:830 running in compatible mode
 02-04-2026 01:04:36:707 [pid=2167407 tid=2167415] NOTICE  cufio-drv:830 running in compatible mode
 02-04-2026 01:04:37:120 [pid=2167407 tid=2167415] NOTICE  cufio-drv:830 running in compatible mode
 02-04-2026 01:04:37:524 [pid=2167407 tid=2167415] NOTICE  cufio-drv:830 running in compatible mode
 02-04-2026 01:04:37:928 [pid=2167407 tid=2167415] NOTICE  cufio-drv:830 running in compatible mode
 02-04-2026 01:04:38:338 [pid=2167407 tid=2167415] NOTICE  cufio-drv:830 running in compatible mode
 02-04-2026 01:04:38:751 [pid=2167407 tid=2167415] NOTICE  cufio-drv:830 running in compatible mode
 02-04-2026 01:04:39:171 [pid=2167407 tid=2167415] NOTICE  cufio-drv:830 running in compatible mode
 02-04-2026 01:04:39:584 [pid=2167407 tid=2167415] NOTICE  cufio-drv:830 running in compatible mode
 02-04-2026 01:04:39:993 [pid=2167407 tid=2167415] NOTICE  cufio-drv:830 running in compatible mode
 02-04-2026 01:04:40:404 [pid=2167407 tid=2167415] NOTICE  cufio-drv:830 running in compatible mode
 02-04-2026 01:04:40:815 [pid=2167407 tid=2167415] NOTICE  cufio-drv:830 running in compatible mode
 02-04-2026 01:04:41:233 [pid=2167407 tid=2167415] NOTICE  cufio-drv:830 running in compatible mode
 02-04-2026 01:04:41:645 [pid=2167407 tid=2167415] NOTICE  cufio-drv:830 running in compatible mode
 02-04-2026 01:04:42:56 [pid=2167407 tid=2167415] NOTICE  cufio-drv:830 running in compatible mode
 02-04-2026 01:04:42:459 [pid=2167407 tid=2167415] NOTICE  cufio-drv:830 running in compatible mode
 02-04-2026 01:04:42:868 [pid=2167407 tid=2167415] NOTICE  cufio-drv:830 running in compatible mode
 02-04-2026 01:04:43:275 [pid=2167407 tid=2167415] NOTICE  cufio-drv:830 running in compatible mode
 02-04-2026 01:04:43:677 [pid=2167407 tid=2167415] NOTICE  cufio-drv:830 running in compatible mode
 02-04-2026 01:04:44:91 [pid=2167407 tid=2167415] NOTICE  cufio-drv:830 running in compatible mode
 02-04-2026 01:04:44:505 [pid=2167407 tid=2167415] NOTICE  cufio-drv:830 running in compatible mode
 02-04-2026 01:04:44:915 [pid=2167407 tid=2167415] NOTICE  cufio-drv:830 running in compatible mode
 02-04-2026 01:04:45:329 [pid=2167407 tid=2167415] NOTICE  cufio-drv:830 running in compatible mode
 02-04-2026 01:04:45:743 [pid=2167407 tid=2167415] NOTICE  cufio-drv:830 running in compatible mode
 02-04-2026 01:04:46:159 [pid=2167407 tid=2167415] NOTICE  cufio-drv:830 running in compatible mode
 02-04-2026 01:04:46:571 [pid=2167407 tid=2167415] NOTICE  cufio-drv:830 running in compatible mode
 02-04-2026 01:04:46:968 [pid=2167407 tid=2167415] NOTICE  cufio-drv:830 running in compatible mode
 02-04-2026 01:04:47:379 [pid=2167407 tid=2167415] NOTICE  cufio-drv:830 running in compatible mode
 02-04-2026 01:04:47:792 [pid=2167407 tid=2167415] NOTICE  cufio-drv:830 running in compatible mode
 02-04-2026 01:04:48:203 [pid=2167407 tid=2167415] NOTICE  cufio-drv:830 running in compatible mode
 02-04-2026 01:04:48:607 [pid=2167407 tid=2167415] NOTICE  cufio-drv:830 running in compatible mode
 02-04-2026 01:04:49:20 [pid=2167407 tid=2167415] NOTICE  cufio-drv:830 running in compatible mode
 02-04-2026 01:04:49:434 [pid=2167407 tid=2167415] NOTICE  cufio-drv:830 running in compatible mode
 02-04-2026 01:04:49:848 [pid=2167407 tid=2167415] NOTICE  cufio-drv:830 running in compatible mode
 02-04-2026 01:04:50:275 [pid=2167407 tid=2167415] NOTICE  cufio-drv:830 running in compatible mode
 02-04-2026 01:04:50:687 [pid=2167407 tid=2167415] NOTICE  cufio-drv:830 running in compatible mode
 02-04-2026 01:04:51:103 [pid=2167407 tid=2167415] NOTICE  cufio-drv:830 running in compatible mode
 02-04-2026 01:04:51:517 [pid=2167407 tid=2167415] NOTICE  cufio-drv:830 running in compatible mode
 02-04-2026 01:04:51:937 [pid=2167407 tid=2167415] NOTICE  cufio-drv:830 running in compatible mode
 02-04-2026 01:04:52:357 [pid=2167407 tid=2167415] NOTICE  cufio-drv:830 running in compatible mode
 02-04-2026 01:04:52:768 [pid=2167407 tid=2167415] NOTICE  cufio-drv:830 running in compatible mode
 02-04-2026 01:04:53:180 [pid=2167407 tid=2167415] NOTICE  cufio-drv:830 running in compatible mode
 02-04-2026 01:04:53:586 [pid=2167407 tid=2167415] NOTICE  cufio-drv:830 running in compatible mode
 02-04-2026 01:04:53:995 [pid=2167407 tid=2167415] NOTICE  cufio-drv:830 running in compatible mode
 02-04-2026 01:04:54:415 [pid=2167407 tid=2167415] NOTICE  cufio-drv:830 running in compatible mode
 02-04-2026 01:04:54:821 [pid=2167407 tid=2167415] NOTICE  cufio-drv:830 running in compatible mode
 02-04-2026 01:04:55:240 [pid=2167407 tid=2167415] NOTICE  cufio-drv:830 running in compatible mode
 02-04-2026 01:04:55:644 [pid=2167407 tid=2167415] NOTICE  cufio-drv:830 running in compatible mode
 02-04-2026 01:04:56:47 [pid=2167407 tid=2167415] NOTICE  cufio-drv:830 running in compatible mode
 02-04-2026 01:04:56:452 [pid=2167407 tid=2167415] NOTICE  cufio-drv:830 running in compatible mode
 02-04-2026 01:04:56:861 [pid=2167407 tid=2167415] NOTICE  cufio-drv:830 running in compatible mode
 02-04-2026 01:04:57:285 [pid=2167407 tid=2167415] NOTICE  cufio-drv:830 running in compatible mode
 02-04-2026 01:04:57:691 [pid=2167407 tid=2167415] NOTICE  cufio-drv:830 running in compatible mode
 02-04-2026 01:04:58:98 [pid=2167407 tid=2167415] NOTICE  cufio-drv:830 running in compatible mode
 02-04-2026 01:04:58:505 [pid=2167407 tid=2167415] NOTICE  cufio-drv:830 running in compatible mode
 02-04-2026 01:04:58:914 [pid=2167407 tid=2167415] NOTICE  cufio-drv:830 running in compatible mode
 02-04-2026 01:04:59:329 [pid=2167407 tid=2167415] NOTICE  cufio-drv:830 running in compatible mode
 02-04-2026 01:04:59:742 [pid=2167407 tid=2167415] NOTICE  cufio-drv:830 running in compatible mode
 02-04-2026 01:05:00:152 [pid=2167407 tid=2167415] NOTICE  cufio-drv:830 running in compatible mode
 02-04-2026 01:05:00:559 [pid=2167407 tid=2167415] NOTICE  cufio-drv:830 running in compatible mode
 02-04-2026 01:05:00:982 [pid=2167407 tid=2167415] NOTICE  cufio-drv:830 running in compatible mode
 02-04-2026 01:05:01:407 [pid=2167407 tid=2167415] NOTICE  cufio-drv:830 running in compatible mode
 02-04-2026 01:05:01:823 [pid=2167407 tid=2167415] NOTICE  cufio-drv:830 running in compatible mode
 02-04-2026 01:05:02:240 [pid=2167407 tid=2167415] NOTICE  cufio-drv:830 running in compatible mode
 02-04-2026 01:05:02:644 [pid=2167407 tid=2167415] NOTICE  cufio-drv:830 running in compatible mode
 02-04-2026 01:05:03:59 [pid=2167407 tid=2167415] NOTICE  cufio-drv:830 running in compatible mode
 02-04-2026 01:05:03:470 [pid=2167407 tid=2167415] NOTICE  cufio-drv:830 running in compatible mode
 02-04-2026 01:05:03:886 [pid=2167407 tid=2167415] NOTICE  cufio-drv:830 running in compatible mode
 02-04-2026 01:05:04:298 [pid=2167407 tid=2167415] NOTICE  cufio-drv:830 running in compatible mode
 02-04-2026 01:05:04:700 [pid=2167407 tid=2167415] NOTICE  cufio-drv:830 running in compatible mode
 02-04-2026 01:05:05:115 [pid=2167407 tid=2167415] NOTICE  cufio-drv:830 running in compatible mode
 02-04-2026 01:05:05:529 [pid=2167407 tid=2167415] NOTICE  cufio-drv:830 running in compatible mode
 02-04-2026 01:05:05:941 [pid=2167407 tid=2167415] NOTICE  cufio-drv:830 running in compatible mode
 02-04-2026 01:05:06:357 [pid=2167407 tid=2167415] NOTICE  cufio-drv:830 running in compatible mode
 02-04-2026 01:05:06:763 [pid=2167407 tid=2167415] NOTICE  cufio-drv:830 running in compatible mode
 02-04-2026 01:05:07:180 [pid=2167407 tid=2167415] NOTICE  cufio-drv:830 running in compatible mode
 02-04-2026 01:05:07:586 [pid=2167407 tid=2167415] NOTICE  cufio-drv:830 running in compatible mode
 02-04-2026 01:05:08:1 [pid=2167407 tid=2167415] NOTICE  cufio-drv:830 running in compatible mode
 02-04-2026 01:05:08:419 [pid=2167407 tid=2167415] NOTICE  cufio-drv:830 running in compatible mode
 02-04-2026 01:05:08:833 [pid=2167407 tid=2167415] NOTICE  cufio-drv:830 running in compatible mode
 02-04-2026 01:05:09:249 [pid=2167407 tid=2167415] NOTICE  cufio-drv:830 running in compatible mode
 06-04-2026 21:33:59:568 [pid=1091851 tid=1091906] NOTICE  cufio-drv:830 running in compatible mode
 06-04-2026 21:34:00:200 [pid=1091851 tid=1091906] NOTICE  cufio-drv:830 running in compatible mode
 06-04-2026 21:34:01:87 [pid=1092293 tid=1092297] NOTICE  cufio-drv:830 running in compatible mode
 06-04-2026 21:34:01:704 [pid=1092293 tid=1092313] NOTICE  cufio-drv:830 running in compatible mode
 06-04-2026 21:34:02:569 [pid=1092751 tid=1092755] NOTICE  cufio-drv:830 running in compatible mode
 06-04-2026 21:34:03:407 [pid=1092986 tid=1092990] NOTICE  cufio-drv:830 running in compatible mode
 06-04-2026 21:34:04:274 [pid=1093154 tid=1093155] NOTICE  cufio-drv:830 running in compatible mode
 06-04-2026 21:34:05:204 [pid=1093332 tid=1093333] NOTICE  cufio-drv:830 running in compatible mode
 06-04-2026 21:34:05:847 [pid=1093332 tid=1093341] NOTICE  cufio-drv:830 running in compatible mode
 06-04-2026 21:34:06:369 [pid=1093332 tid=1093340] NOTICE  cufio-drv:830 running in compatible mode
 06-04-2026 21:34:06:872 [pid=1093332 tid=1093340] NOTICE  cufio-drv:830 running in compatible mode
 06-04-2026 21:34:07:419 [pid=1093332 tid=1093340] NOTICE  cufio-drv:830 running in compatible mode
 06-04-2026 21:34:07:932 [pid=1093332 tid=1093340] NOTICE  cufio-drv:830 running in compatible mode
 06-04-2026 21:34:08:461 [pid=1093332 tid=1093340] NOTICE  cufio-drv:830 running in compatible mode
 06-04-2026 21:34:08:967 [pid=1093332 tid=1093340] NOTICE  cufio-drv:830 running in compatible mode
 06-04-2026 21:34:09:480 [pid=1093332 tid=1093340] NOTICE  cufio-drv:830 running in compatible mode
 06-04-2026 21:34:09:980 [pid=1093332 tid=1093340] NOTICE  cufio-drv:830 running in compatible mode
 06-04-2026 21:34:10:742 [pid=1093332 tid=1093340] NOTICE  cufio-drv:830 running in compatible mode
 06-04-2026 21:34:11:236 [pid=1093332 tid=1093340] NOTICE  cufio-drv:830 running in compatible mode
 06-04-2026 21:34:11:722 [pid=1093332 tid=1093340] NOTICE  cufio-drv:830 running in compatible mode
 06-04-2026 21:34:12:225 [pid=1093332 tid=1093340] NOTICE  cufio-drv:830 running in compatible mode
 06-04-2026 21:34:12:737 [pid=1093332 tid=1093340] NOTICE  cufio-drv:830 running in compatible mode
 06-04-2026 21:34:13:244 [pid=1093332 tid=1093340] NOTICE  cufio-drv:830 running in compatible mode
 06-04-2026 21:34:13:734 [pid=1093332 tid=1093340] NOTICE  cufio-drv:830 running in compatible mode
 06-04-2026 21:34:14:223 [pid=1093332 tid=1093340] NOTICE  cufio-drv:830 running in compatible mode
 06-04-2026 21:34:14:717 [pid=1093332 tid=1093340] NOTICE  cufio-drv:830 running in compatible mode
 06-04-2026 21:34:15:211 [pid=1093332 tid=1093340] NOTICE  cufio-drv:830 running in compatible mode
 06-04-2026 21:34:15:708 [pid=1093332 tid=1093340] NOTICE  cufio-drv:830 running in compatible mode
 06-04-2026 21:34:16:225 [pid=1093332 tid=1093340] NOTICE  cufio-drv:830 running in compatible mode
 06-04-2026 21:34:16:718 [pid=1093332 tid=1093340] NOTICE  cufio-drv:830 running in compatible mode
 06-04-2026 21:34:17:216 [pid=1093332 tid=1093340] NOTICE  cufio-drv:830 running in compatible mode
 06-04-2026 21:34:17:714 [pid=1093332 tid=1093340] NOTICE  cufio-drv:830 running in compatible mode
 06-04-2026 21:34:18:206 [pid=1093332 tid=1093340] NOTICE  cufio-drv:830 running in compatible mode
 06-04-2026 21:34:18:715 [pid=1093332 tid=1093340] NOTICE  cufio-drv:830 running in compatible mode
 06-04-2026 21:34:19:213 [pid=1093332 tid=1093340] NOTICE  cufio-drv:830 running in compatible mode
 06-04-2026 21:34:19:708 [pid=1093332 tid=1093340] NOTICE  cufio-drv:830 running in compatible mode
 06-04-2026 21:34:20:201 [pid=1093332 tid=1093340] NOTICE  cufio-drv:830 running in compatible mode
 06-04-2026 21:34:20:703 [pid=1093332 tid=1093340] NOTICE  cufio-drv:830 running in compatible mode
 06-04-2026 21:34:21:223 [pid=1093332 tid=1093340] NOTICE  cufio-drv:830 running in compatible mode
 06-04-2026 21:34:21:733 [pid=1093332 tid=1093340] NOTICE  cufio-drv:830 running in compatible mode
 06-04-2026 21:34:22:235 [pid=1093332 tid=1093340] NOTICE  cufio-drv:830 running in compatible mode
 06-04-2026 21:34:22:729 [pid=1093332 tid=1093340] NOTICE  cufio-drv:830 running in compatible mode
 06-04-2026 21:34:23:225 [pid=1093332 tid=1093340] NOTICE  cufio-drv:830 running in compatible mode
 06-04-2026 21:34:23:728 [pid=1093332 tid=1093340] NOTICE  cufio-drv:830 running in compatible mode
 06-04-2026 21:34:24:219 [pid=1093332 tid=1093340] NOTICE  cufio-drv:830 running in compatible mode
 06-04-2026 21:34:24:710 [pid=1093332 tid=1093340] NOTICE  cufio-drv:830 running in compatible mode
 06-04-2026 21:34:25:214 [pid=1093332 tid=1093340] NOTICE  cufio-drv:830 running in compatible mode
 06-04-2026 21:34:25:713 [pid=1093332 tid=1093340] NOTICE  cufio-drv:830 running in compatible mode
 06-04-2026 21:34:26:211 [pid=1093332 tid=1093340] NOTICE  cufio-drv:830 running in compatible mode
 06-04-2026 21:34:26:724 [pid=1093332 tid=1093340] NOTICE  cufio-drv:830 running in compatible mode
 06-04-2026 21:34:27:235 [pid=1093332 tid=1093340] NOTICE  cufio-drv:830 running in compatible mode
 06-04-2026 21:34:27:744 [pid=1093332 tid=1093340] NOTICE  cufio-drv:830 running in compatible mode
 06-04-2026 21:34:28:243 [pid=1093332 tid=1093340] NOTICE  cufio-drv:830 running in compatible mode
 06-04-2026 21:34:28:752 [pid=1093332 tid=1093340] NOTICE  cufio-drv:830 running in compatible mode
 06-04-2026 21:34:29:250 [pid=1093332 tid=1093340] NOTICE  cufio-drv:830 running in compatible mode
 06-04-2026 21:34:29:727 [pid=1093332 tid=1093340] NOTICE  cufio-drv:830 running in compatible mode
 06-04-2026 21:34:30:211 [pid=1093332 tid=1093340] NOTICE  cufio-drv:830 running in compatible mode
 06-04-2026 21:34:30:697 [pid=1093332 tid=1093340] NOTICE  cufio-drv:830 running in compatible mode
 06-04-2026 21:34:31:185 [pid=1093332 tid=1093340] NOTICE  cufio-drv:830 running in compatible mode
 06-04-2026 21:34:31:676 [pid=1093332 tid=1093340] NOTICE  cufio-drv:830 running in compatible mode
 06-04-2026 21:34:32:167 [pid=1093332 tid=1093340] NOTICE  cufio-drv:830 running in compatible mode
 06-04-2026 21:34:32:668 [pid=1093332 tid=1093340] NOTICE  cufio-drv:830 running in compatible mode
 06-04-2026 21:34:33:168 [pid=1093332 tid=1093340] NOTICE  cufio-drv:830 running in compatible mode
 06-04-2026 21:34:33:666 [pid=1093332 tid=1093340] NOTICE  cufio-drv:830 running in compatible mode
 06-04-2026 21:34:34:146 [pid=1093332 tid=1093340] NOTICE  cufio-drv:830 running in compatible mode
 06-04-2026 21:34:34:645 [pid=1093332 tid=1093340] NOTICE  cufio-drv:830 running in compatible mode
 06-04-2026 21:34:35:144 [pid=1093332 tid=1093340] NOTICE  cufio-drv:830 running in compatible mode
 06-04-2026 21:34:35:634 [pid=1093332 tid=1093340] NOTICE  cufio-drv:830 running in compatible mode
 06-04-2026 21:34:36:136 [pid=1093332 tid=1093340] NOTICE  cufio-drv:830 running in compatible mode
 06-04-2026 21:34:36:633 [pid=1093332 tid=1093340] NOTICE  cufio-drv:830 running in compatible mode
 06-04-2026 21:34:37:140 [pid=1093332 tid=1093340] NOTICE  cufio-drv:830 running in compatible mode
 06-04-2026 21:34:37:628 [pid=1093332 tid=1093340] NOTICE  cufio-drv:830 running in compatible mode
 06-04-2026 21:34:38:113 [pid=1093332 tid=1093340] NOTICE  cufio-drv:830 running in compatible mode
 06-04-2026 21:34:38:593 [pid=1093332 tid=1093340] NOTICE  cufio-drv:830 running in compatible mode
 06-04-2026 21:34:39:78 [pid=1093332 tid=1093340] NOTICE  cufio-drv:830 running in compatible mode
 06-04-2026 21:34:39:572 [pid=1093332 tid=1093340] NOTICE  cufio-drv:830 running in compatible mode
 06-04-2026 21:34:40:44 [pid=1093332 tid=1093340] NOTICE  cufio-drv:830 running in compatible mode
 06-04-2026 21:34:40:529 [pid=1093332 tid=1093340] NOTICE  cufio-drv:830 running in compatible mode
 06-04-2026 21:34:41:13 [pid=1093332 tid=1093340] NOTICE  cufio-drv:830 running in compatible mode
 06-04-2026 21:34:41:492 [pid=1093332 tid=1093340] NOTICE  cufio-drv:830 running in compatible mode
 06-04-2026 21:34:41:992 [pid=1093332 tid=1093340] NOTICE  cufio-drv:830 running in compatible mode
 06-04-2026 21:34:42:468 [pid=1093332 tid=1093340] NOTICE  cufio-drv:830 running in compatible mode
 06-04-2026 21:34:42:947 [pid=1093332 tid=1093340] NOTICE  cufio-drv:830 running in compatible mode
 06-04-2026 21:34:43:431 [pid=1093332 tid=1093340] NOTICE  cufio-drv:830 running in compatible mode
 06-04-2026 21:34:43:909 [pid=1093332 tid=1093340] NOTICE  cufio-drv:830 running in compatible mode
 06-04-2026 21:34:44:406 [pid=1093332 tid=1093340] NOTICE  cufio-drv:830 running in compatible mode
 06-04-2026 21:34:44:893 [pid=1093332 tid=1093340] NOTICE  cufio-drv:830 running in compatible mode
 06-04-2026 21:34:45:395 [pid=1093332 tid=1093340] NOTICE  cufio-drv:830 running in compatible mode
 06-04-2026 21:34:45:887 [pid=1093332 tid=1093340] NOTICE  cufio-drv:830 running in compatible mode
 06-04-2026 21:34:46:396 [pid=1093332 tid=1093340] NOTICE  cufio-drv:830 running in compatible mode
 06-04-2026 21:34:46:887 [pid=1093332 tid=1093340] NOTICE  cufio-drv:830 running in compatible mode
 06-04-2026 21:34:47:409 [pid=1093332 tid=1093340] NOTICE  cufio-drv:830 running in compatible mode
 06-04-2026 21:34:47:899 [pid=1093332 tid=1093340] NOTICE  cufio-drv:830 running in compatible mode
 06-04-2026 21:34:48:398 [pid=1093332 tid=1093340] NOTICE  cufio-drv:830 running in compatible mode
 06-04-2026 21:34:48:873 [pid=1093332 tid=1093340] NOTICE  cufio-drv:830 running in compatible mode
 06-04-2026 21:34:49:364 [pid=1093332 tid=1093340] NOTICE  cufio-drv:830 running in compatible mode
 06-04-2026 21:34:49:859 [pid=1093332 tid=1093340] NOTICE  cufio-drv:830 running in compatible mode
 06-04-2026 21:34:50:373 [pid=1093332 tid=1093340] NOTICE  cufio-drv:830 running in compatible mode
 06-04-2026 21:34:50:872 [pid=1093332 tid=1093340] NOTICE  cufio-drv:830 running in compatible mode
 06-04-2026 21:34:51:371 [pid=1093332 tid=1093340] NOTICE  cufio-drv:830 running in compatible mode
 06-04-2026 21:34:51:873 [pid=1093332 tid=1093340] NOTICE  cufio-drv:830 running in compatible mode
 06-04-2026 21:34:52:392 [pid=1093332 tid=1093340] NOTICE  cufio-drv:830 running in compatible mode
 06-04-2026 21:34:52:899 [pid=1093332 tid=1093340] NOTICE  cufio-drv:830 running in compatible mode
 06-04-2026 21:34:53:439 [pid=1093332 tid=1093340] NOTICE  cufio-drv:830 running in compatible mode
 06-04-2026 21:34:53:931 [pid=1093332 tid=1093340] NOTICE  cufio-drv:830 running in compatible mode
 06-04-2026 21:34:54:425 [pid=1093332 tid=1093340] NOTICE  cufio-drv:830 running in compatible mode
 06-04-2026 21:34:54:923 [pid=1093332 tid=1093340] NOTICE  cufio-drv:830 running in compatible mode
 06-04-2026 21:34:55:448 [pid=1093332 tid=1093340] NOTICE  cufio-drv:830 running in compatible mode
